<?xml version="1.0" encoding="UTF-8"?>
<!-- Generated by org.testng.reporters.JUnitReportReporter -->
<testsuite skipped="0" hostname="WKWIN3708308" name="CucumberOptions.TestRunner" tests="1" failures="0" timestamp="14 Jan 2019 10:47:58 GMT" time="36.168" errors="0">
  <testcase name="feature" time="36.168" classname="CucumberOptions.TestRunner"/>
</testsuite> <!-- CucumberOptions.TestRunner -->
